This file contains any messages produced by compilers while
running configure, to aid debugging if configure makes a mistake.

It was created by NIfTImatlab configure 1.0, which was
generated by GNU Autoconf 2.63.  Invocation command line was

  $ ./configure --includedir=/CBI/include --bindir=/CBI/bin/matlab/cbi --libdir=/CBI/lib

## --------- ##
## Platform. ##
## --------- ##

hostname = babette.cbi.fas.nyu.edu
uname -m = i686
uname -r = 2.6.30.10-105.2.23.fc11.i686.PAE
uname -s = Linux
uname -v = #1 SMP Thu Feb 11 07:05:37 UTC 2010

/usr/bin/uname -p = unknown
/bin/uname -X     = unknown

/bin/arch              = i686
/usr/bin/arch -k       = unknown
/usr/convex/getsysinfo = unknown
/usr/bin/hostinfo      = unknown
/bin/machine           = unknown
/usr/bin/oslevel       = unknown
/bin/universe          = unknown

PATH: .
PATH: /CBI/Users/valerio/bin
PATH: /CBI/Users/valerio/bin.Linux
PATH: .
PATH: /CBI/Users/valerio/bin
PATH: /CBI/Users/valerio/bin.Linux
PATH: /CBI/bin/GridEngine
PATH: /usr/local/bin
PATH: /CBI/bin
PATH: /CBI/bin/afnidir
PATH: /CBI/bin/fsldir/bin
PATH: /CBI/bin/ctndir
PATH: /CBI/bin/matlab
PATH: /usr/local/j2re/bin
PATH: /usr/local/j2sdk/bin
PATH: /usr/local/apache-ant/bin
PATH: /usr/lib/qt-3.3/bin
PATH: /usr/kerberos/sbin
PATH: /usr/kerberos/bin
PATH: /usr/lib/ccache
PATH: /usr/local/bin
PATH: /usr/bin
PATH: /bin
PATH: /usr/local/sbin
PATH: /usr/sbin
PATH: /sbin


## ----------- ##
## Core tests. ##
## ----------- ##

configure:1804: checking build system type
configure:1822: result: i686-pc-linux-gnu
configure:1844: checking host system type
configure:1859: result: i686-pc-linux-gnu
configure:1959: checking for g++
configure:1975: found /usr/lib/ccache/g++
configure:1986: result: g++
configure:2013: checking for C++ compiler version
configure:2021: g++ --version >&5
g++ (GCC) 4.4.1 20090725 (Red Hat 4.4.1-2)
Copyright (C) 2009 Free Software Foundation, Inc.
This is free software; see the source for copying conditions.  There is NO
warranty; not even for MERCHANTABILITY or FITNESS FOR A PARTICULAR PURPOSE.

configure:2025: $? = 0
configure:2032: g++ -v >&5
Using built-in specs.
Target: i586-redhat-linux
Configured with: ../configure --prefix=/usr --mandir=/usr/share/man --infodir=/usr/share/info --with-bugurl=http://bugzilla.redhat.com/bugzilla --enable-bootstrap --enable-shared --enable-threads=posix --enable-checking=release --with-system-zlib --enable-__cxa_atexit --disable-libunwind-exceptions --enable-languages=c,c++,objc,obj-c++,java,fortran,ada --enable-java-awt=gtk --disable-dssi --enable-plugin --with-java-home=/usr/lib/jvm/java-1.5.0-gcj-1.5.0.0/jre --enable-libgcj-multifile --enable-java-maintainer-mode --with-ecj-jar=/usr/share/java/eclipse-ecj.jar --disable-libjava-multilib --with-ppl --with-cloog --with-tune=generic --with-arch=i586 --build=i586-redhat-linux
Thread model: posix
gcc version 4.4.1 20090725 (Red Hat 4.4.1-2) (GCC) 
configure:2036: $? = 0
configure:2043: g++ -V >&5
g++: '-V' option must have argument
configure:2047: $? = 1
configure:2070: checking for C++ compiler default output file name
configure:2092: g++    conftest.cpp  >&5
configure:2096: $? = 0
configure:2134: result: a.out
configure:2153: checking whether the C++ compiler works
configure:2163: ./a.out
configure:2167: $? = 0
configure:2186: result: yes
configure:2193: checking whether we are cross compiling
configure:2195: result: no
configure:2198: checking for suffix of executables
configure:2205: g++ -o conftest    conftest.cpp  >&5
configure:2209: $? = 0
configure:2235: result: 
configure:2241: checking for suffix of object files
configure:2267: g++ -c   conftest.cpp >&5
configure:2271: $? = 0
configure:2296: result: o
configure:2300: checking whether we are using the GNU C++ compiler
configure:2329: g++ -c   conftest.cpp >&5
configure:2336: $? = 0
configure:2353: result: yes
configure:2362: checking whether g++ accepts -g
configure:2392: g++ -c -g  conftest.cpp >&5
configure:2399: $? = 0
configure:2500: result: yes
configure:2571: checking for gcc
configure:2587: found /usr/lib/ccache/gcc
configure:2598: result: gcc
configure:2830: checking for C compiler version
configure:2838: gcc --version >&5
gcc (GCC) 4.4.1 20090725 (Red Hat 4.4.1-2)
Copyright (C) 2009 Free Software Foundation, Inc.
This is free software; see the source for copying conditions.  There is NO
warranty; not even for MERCHANTABILITY or FITNESS FOR A PARTICULAR PURPOSE.

configure:2842: $? = 0
configure:2849: gcc -v >&5
Using built-in specs.
Target: i586-redhat-linux
Configured with: ../configure --prefix=/usr --mandir=/usr/share/man --infodir=/usr/share/info --with-bugurl=http://bugzilla.redhat.com/bugzilla --enable-bootstrap --enable-shared --enable-threads=posix --enable-checking=release --with-system-zlib --enable-__cxa_atexit --disable-libunwind-exceptions --enable-languages=c,c++,objc,obj-c++,java,fortran,ada --enable-java-awt=gtk --disable-dssi --enable-plugin --with-java-home=/usr/lib/jvm/java-1.5.0-gcj-1.5.0.0/jre --enable-libgcj-multifile --enable-java-maintainer-mode --with-ecj-jar=/usr/share/java/eclipse-ecj.jar --disable-libjava-multilib --with-ppl --with-cloog --with-tune=generic --with-arch=i586 --build=i586-redhat-linux
Thread model: posix
gcc version 4.4.1 20090725 (Red Hat 4.4.1-2) (GCC) 
configure:2853: $? = 0
configure:2860: gcc -V >&5
gcc: '-V' option must have argument
configure:2864: $? = 1
configure:2867: checking whether we are using the GNU C compiler
configure:2896: gcc -c   conftest.c >&5
configure:2903: $? = 0
configure:2920: result: yes
configure:2929: checking whether gcc accepts -g
configure:2959: gcc -c -g  conftest.c >&5
configure:2966: $? = 0
configure:3067: result: yes
configure:3084: checking for gcc option to accept ISO C89
configure:3158: gcc  -c -g -O2  conftest.c >&5
configure:3165: $? = 0
configure:3188: result: none needed
configure:3206: checking whether make sets $(MAKE)
configure:3228: result: yes
configure:3251: checking for a BSD-compatible install
configure:3319: result: /usr/bin/install -c
configure:3338: checking how to run the C preprocessor
configure:3378: gcc -E  conftest.c
configure:3385: $? = 0
configure:3416: gcc -E  conftest.c
conftest.c:8:28: error: ac_nonexistent.h: No such file or directory
configure:3423: $? = 1
configure: failed program was:
| /* confdefs.h.  */
| #define PACKAGE_NAME "NIfTImatlab"
| #define PACKAGE_TARNAME "niftimatlab"
| #define PACKAGE_VERSION "1.0"
| #define PACKAGE_STRING "NIfTImatlab 1.0"
| #define PACKAGE_BUGREPORT ""
| /* end confdefs.h.  */
| #include <ac_nonexistent.h>
configure:3456: result: gcc -E
configure:3485: gcc -E  conftest.c
configure:3492: $? = 0
configure:3523: gcc -E  conftest.c
conftest.c:8:28: error: ac_nonexistent.h: No such file or directory
configure:3530: $? = 1
configure: failed program was:
| /* confdefs.h.  */
| #define PACKAGE_NAME "NIfTImatlab"
| #define PACKAGE_TARNAME "niftimatlab"
| #define PACKAGE_VERSION "1.0"
| #define PACKAGE_STRING "NIfTImatlab 1.0"
| #define PACKAGE_BUGREPORT ""
| /* end confdefs.h.  */
| #include <ac_nonexistent.h>
configure:3570: checking for grep that handles long lines and -e
configure:3630: result: /bin/grep
configure:3635: checking for egrep
configure:3699: result: /bin/grep -E
configure:3704: checking for ANSI C header files
configure:3734: gcc -c -g -O2  conftest.c >&5
configure:3741: $? = 0
configure:3840: gcc -o conftest -g -O2   conftest.c  >&5
configure:3844: $? = 0
configure:3850: ./conftest
configure:3854: $? = 0
configure:3872: result: yes
configure:3883: checking for an ANSI C-conforming const
configure:3958: gcc -c -g -O2  conftest.c >&5
configure:3965: $? = 0
configure:3980: result: yes
configure:4132: creating ./config.status

## ---------------------- ##
## Running config.status. ##
## ---------------------- ##

This file was extended by NIfTImatlab config.status 1.0, which was
generated by GNU Autoconf 2.63.  Invocation command line was

  CONFIG_FILES    = 
  CONFIG_HEADERS  = 
  CONFIG_LINKS    = 
  CONFIG_COMMANDS = 
  $ ./config.status 

on babette.cbi.fas.nyu.edu

config.status:667: creating Makefile
config.status:667: creating src/Makefile
config.status:667: creating nifticlib/znzlib/Makefile
config.status:667: creating nifticlib/niftilib/Makefile

## ---------------- ##
## Cache variables. ##
## ---------------- ##

ac_cv_build=i686-pc-linux-gnu
ac_cv_c_compiler_gnu=yes
ac_cv_c_const=yes
ac_cv_cxx_compiler_gnu=yes
ac_cv_env_CCC_set=
ac_cv_env_CCC_value=
ac_cv_env_CC_set=
ac_cv_env_CC_value=
ac_cv_env_CFLAGS_set=
ac_cv_env_CFLAGS_value=
ac_cv_env_CPPFLAGS_set=
ac_cv_env_CPPFLAGS_value=
ac_cv_env_CPP_set=
ac_cv_env_CPP_value=
ac_cv_env_CXXFLAGS_set=
ac_cv_env_CXXFLAGS_value=
ac_cv_env_CXX_set=
ac_cv_env_CXX_value=
ac_cv_env_LDFLAGS_set=
ac_cv_env_LDFLAGS_value=
ac_cv_env_LIBS_set=
ac_cv_env_LIBS_value=
ac_cv_env_build_alias_set=
ac_cv_env_build_alias_value=
ac_cv_env_host_alias_set=
ac_cv_env_host_alias_value=
ac_cv_env_target_alias_set=
ac_cv_env_target_alias_value=
ac_cv_header_stdc=yes
ac_cv_host=i686-pc-linux-gnu
ac_cv_objext=o
ac_cv_path_EGREP='/bin/grep -E'
ac_cv_path_GREP=/bin/grep
ac_cv_path_install='/usr/bin/install -c'
ac_cv_prog_CPP='gcc -E'
ac_cv_prog_ac_ct_CC=gcc
ac_cv_prog_ac_ct_CXX=g++
ac_cv_prog_cc_c89=
ac_cv_prog_cc_g=yes
ac_cv_prog_cxx_g=yes
ac_cv_prog_make_make_set=yes

## ----------------- ##
## Output variables. ##
## ----------------- ##

CC='gcc'
CFLAGS='-g -O2'
CPP='gcc -E'
CPPFLAGS=''
CXX='g++'
CXXFLAGS='-g -O2'
DEFS='-DPACKAGE_NAME=\"NIfTImatlab\" -DPACKAGE_TARNAME=\"niftimatlab\" -DPACKAGE_VERSION=\"1.0\" -DPACKAGE_STRING=\"NIfTImatlab\ 1.0\" -DPACKAGE_BUGREPORT=\"\" -DSTDC_HEADERS=1'
ECHO_C=''
ECHO_N='-n'
ECHO_T=''
EGREP='/bin/grep -E'
EXEEXT=''
GREP='/bin/grep'
HW_CPU='i686'
INSTALL_DATA='${INSTALL} -m 644'
INSTALL_PROGRAM='${INSTALL}'
INSTALL_SCRIPT='${INSTALL}'
LDFLAGS=''
LIBOBJS=''
LIBS=''
LTLIBOBJS=''
OBJEXT='o'
OS_DBGF='-ggdb'
OS_TYPE='LINUX'
PACKAGE_BUGREPORT=''
PACKAGE_NAME='NIfTImatlab'
PACKAGE_STRING='NIfTImatlab 1.0'
PACKAGE_TARNAME='niftimatlab'
PACKAGE_VERSION='1.0'
PATH_SEPARATOR=':'
SET_MAKE=''
SHELL='/bin/sh'
TMW_ROOT='/CBI/arch/matlab'
ac_ct_CC='gcc'
ac_ct_CXX='g++'
bindir='/CBI/bin/matlab/cbi'
build='i686-pc-linux-gnu'
build_alias=''
build_cpu='i686'
build_os='linux-gnu'
build_vendor='pc'
datadir='${datarootdir}'
datarootdir='${prefix}/share'
docdir='${datarootdir}/doc/${PACKAGE_TARNAME}'
dvidir='${docdir}'
exec_prefix='${prefix}'
host='i686-pc-linux-gnu'
host_alias=''
host_cpu='i686'
host_os='linux-gnu'
host_vendor='pc'
htmldir='${docdir}'
includedir='/CBI/include'
infodir='${datarootdir}/info'
libdir='/CBI/lib'
libexecdir='${exec_prefix}/libexec'
localedir='${datarootdir}/locale'
localstatedir='${prefix}/var'
mandir='${datarootdir}/man'
oldincludedir='/usr/include'
pdfdir='${docdir}'
prefix='/usr/local'
program_transform_name='s,x,x,'
psdir='${docdir}'
sbindir='${exec_prefix}/sbin'
sharedstatedir='${prefix}/com'
sysconfdir='${prefix}/etc'
target_alias=''

## ----------- ##
## confdefs.h. ##
## ----------- ##

#define PACKAGE_NAME "NIfTImatlab"
#define PACKAGE_TARNAME "niftimatlab"
#define PACKAGE_VERSION "1.0"
#define PACKAGE_STRING "NIfTImatlab 1.0"
#define PACKAGE_BUGREPORT ""
#define STDC_HEADERS 1

configure: exit 0
